2025-07-17 22:45:37,793 - INFO - Loading dataset...
2025-07-17 22:45:38,691 - INFO - Initializing model...
2025-07-17 22:45:39,094 - INFO - Device: cpu
2025-07-17 22:45:39,172 - INFO - Preparing training pipeline...
2025-07-17 22:48:03,594 - INFO - Loading dataset...
2025-07-17 22:48:03,654 - INFO - Initializing model...
2025-07-17 22:48:03,669 - INFO - Device: cpu
2025-07-17 22:48:03,669 - INFO - Preparing training pipeline...
2025-07-17 23:05:07,627 - INFO - Epoch 1/5 Loss: 0.5959
2025-07-17 23:20:54,463 - INFO - Epoch 2/5 Loss: 0.6222
2025-07-17 23:52:48,018 - INFO - Epoch 3/5 Loss: 0.6281
2025-08-22 13:02:08,963 - INFO - Loading dataset...
2025-08-22 13:02:10,038 - INFO - Initializing model...
2025-08-22 13:02:10,419 - INFO - Device: cpu
2025-08-22 13:02:10,498 - INFO - Preparing training pipeline...
2025-08-24 15:46:44,992 - INFO - Epoch 1/5 Loss: 0.5959
2025-08-24 16:10:34,010 - INFO - Epoch 2/5 Loss: 0.6222
2025-08-24 16:54:57,393 - INFO - Epoch 3/5 Loss: 0.6281
2025-08-24 18:11:59,805 - INFO - Epoch 4/5 Loss: 0.6273
2025-08-24 18:32:53,625 - INFO - Epoch 5/5 Loss: 0.6280
2025-08-24 18:41:53,069 - INFO - Train Accuracy: 74.29%
2025-08-24 18:43:06,312 - INFO - Test Accuracy: 62.50%
2025-08-24 18:43:08,392 - INFO - Generating confusion matrix...
2025-08-24 18:48:14,622 - INFO - Confusion Matrix saved as 'confusion_matrix.png'.
2025-08-24 18:48:14,642 - INFO - Saving model architecture and summary...
